<?xml version="1.0" encoding="UTF-8" ?>
<testsuite failures="0" time="8.421" errors="0" skipped="0" tests="4" name="com.jiang.seven.test.TestMyBatise">
  <properties>
    <property name="java.runtime.name" value="Java(TM) SE Runtime Environment"/>
    <property name="sun.boot.library.path" value="E:\Program Files\Java\jdk1.7.0_17\jre\bin"/>
    <property name="java.vm.version" value="23.7-b01"/>
    <property name="java.vm.vendor" value="Oracle Corporation"/>
    <property name="java.vendor.url" value="http://java.oracle.com/"/>
    <property name="path.separator" value=";"/>
    <property name="guice.disable.misplaced.annotation.check" value="true"/>
    <property name="java.vm.name" value="Java HotSpot(TM) 64-Bit Server VM"/>
    <property name="file.encoding.pkg" value="sun.io"/>
    <property name="user.script" value=""/>
    <property name="user.country" value="CN"/>
    <property name="sun.java.launcher" value="SUN_STANDARD"/>
    <property name="sun.os.patch.level" value=""/>
    <property name="java.vm.specification.name" value="Java Virtual Machine Specification"/>
    <property name="user.dir" value="E:\Program Files\Sts310WorkSpace\testMySpringMvc"/>
    <property name="java.runtime.version" value="1.7.0_17-b02"/>
    <property name="java.awt.graphicsenv" value="sun.awt.Win32GraphicsEnvironment"/>
    <property name="java.endorsed.dirs" value="E:\Program Files\Java\jdk1.7.0_17\jre\lib\endorsed"/>
    <property name="os.arch" value="amd64"/>
    <property name="java.io.tmpdir" value="C:\Users\JIANGZ~1\AppData\Local\Temp\"/>
    <property name="line.separator" value="
"/>
    <property name="java.vm.specification.vendor" value="Oracle Corporation"/>
    <property name="user.variant" value=""/>
    <property name="os.name" value="Windows 8"/>
    <property name="classworlds.conf" value="E:\Program Files\Sts310WorkSpace\.metadata\.plugins\org.eclipse.m2e.core\launches\m2conf4277167065819483812.tmp"/>
    <property name="sun.jnu.encoding" value="GBK"/>
    <property name="java.library.path" value="E:\Program Files\Java\jdk1.7.0_17\bin;C:\WINDOWS\Sun\Java\bin;C:\WINDOWS\system32;C:\WINDOWS;E:/Program Files/Java/jdk1.7.0_17/bin/../jre/bin/server;E:/Program Files/Java/jdk1.7.0_17/bin/../jre/bin;E:/Program Files/Java/jdk1.7.0_17/bin/../jre/lib/amd64;E:\Program Files\Java\jdk1.7.0_17\bin;E:\Program Files\Java\jdk1.7.0_17\jre\bin;C:\ProgramData\Oracle\Java\javapath;E:\Tools\Python27;E:\Program Files\apache-maven-3.2.1\bin;C:\WINDOWS\system32;C:\WINDOWS;C:\WINDOWS\System32\Wbem;E:\Program Files\spring-tool-suite-3.1.0.RELEASE-e4.2-win32-x86_64\springsource\sts-3.1.0.RELEASE;;."/>
    <property name="java.specification.name" value="Java Platform API Specification"/>
    <property name="java.class.version" value="51.0"/>
    <property name="sun.management.compiler" value="HotSpot 64-Bit Tiered Compilers"/>
    <property name="os.version" value="6.2"/>
    <property name="user.home" value="C:\Users\jiangzhongge"/>
    <property name="user.timezone" value="Asia/Shanghai"/>
    <property name="java.awt.printerjob" value="sun.awt.windows.WPrinterJob"/>
    <property name="java.specification.version" value="1.7"/>
    <property name="file.encoding" value="GBK"/>
    <property name="user.name" value="jiangzhongge"/>
    <property name="java.class.path" value="/E:/Program Files/spring-tool-suite-3.1.0.RELEASE-e4.2-win32-x86_64/springsource/sts-3.1.0.RELEASE/configuration/org.eclipse.osgi/bundles/571/1/.cp/jars/plexus-classworlds-2.4.jar"/>
    <property name="java.vm.specification.version" value="1.7"/>
    <property name="sun.arch.data.model" value="64"/>
    <property name="java.home" value="E:\Program Files\Java\jdk1.7.0_17\jre"/>
    <property name="sun.java.command" value="org.codehaus.plexus.classworlds.launcher.Launcher -B -s F:\maven3\repository\settings.xml install"/>
    <property name="java.specification.vendor" value="Oracle Corporation"/>
    <property name="user.language" value="zh"/>
    <property name="awt.toolkit" value="sun.awt.windows.WToolkit"/>
    <property name="java.vm.info" value="mixed mode"/>
    <property name="java.version" value="1.7.0_17"/>
    <property name="java.ext.dirs" value="E:\Program Files\Java\jdk1.7.0_17\jre\lib\ext;C:\WINDOWS\Sun\Java\lib\ext"/>
    <property name="sun.boot.class.path" value="E:\Program Files\Java\jdk1.7.0_17\jre\lib\resources.jar;E:\Program Files\Java\jdk1.7.0_17\jre\lib\rt.jar;E:\Program Files\Java\jdk1.7.0_17\jre\lib\sunrsasign.jar;E:\Program Files\Java\jdk1.7.0_17\jre\lib\jsse.jar;E:\Program Files\Java\jdk1.7.0_17\jre\lib\jce.jar;E:\Program Files\Java\jdk1.7.0_17\jre\lib\charsets.jar;E:\Program Files\Java\jdk1.7.0_17\jre\lib\jfr.jar;E:\Program Files\Java\jdk1.7.0_17\jre\classes"/>
    <property name="java.vendor" value="Oracle Corporation"/>
    <property name="maven.home" value="E:\Program Files\Sts310WorkSpace\testMySpringMvc\EMBEDDED"/>
    <property name="file.separator" value="\"/>
    <property name="java.vendor.url.bug" value="http://bugreport.sun.com/bugreport/"/>
    <property name="sun.cpu.endian" value="little"/>
    <property name="sun.io.unicode.encoding" value="UnicodeLittle"/>
    <property name="sun.desktop" value="windows"/>
    <property name="sun.cpu.isalist" value="amd64"/>
  </properties>
  <testcase time="6.701" classname="com.jiang.seven.test.TestMyBatise" name="testList1"/>
  <testcase time="0.675" classname="com.jiang.seven.test.TestMyBatise" name="testList2"/>
  <testcase time="0.497" classname="com.jiang.seven.test.TestMyBatise" name="testList"/>
  <testcase time="0.472" classname="com.jiang.seven.test.TestMyBatise" name="test1"/>
</testsuite>